23:54:35.421 [main] INFO  c.b.launchers.LaunchMavenCommand - Executing maven archetype command - browserstack-sdk-archetype-integrate
23:54:35.444 [main] INFO  c.b.launchers.LaunchMavenCommand - The maven properties for launcher are [archetypeVersion=1.4, archetypeGroupId=com.browserstack, archetypeArtifactId=browserstack-sdk-archetype-integrate, BROWSERSTACK_ACCESS_KEY=sVyqqExUQPfwcxPQn5ap, groupId=com.browserstack, artifactId=java-archetype-integrate, BROWSERSTACK_USERNAME=biswayanchattopa_6tI5CX, BROWSERSTACK_FRAMEWORK=java, BUILD_NAME=browserstack build, version=1.0, PROJECT_NAME=BrowserStack Sample, BROWSERSTACK_SOURCE=java:eclipse:v1.0.8]
23:54:35.460 [Worker-60: Launching mavenrun-a9f59898-78dc-44f3-af84-f987c45e0b40] INFO  c.b.BrowserStackPluginActivator - The previous launch removed.
11:47:56.201 [Worker-73: Launching SearchAndFilterTest] INFO  c.b.BrowserStackPluginActivator - The previous launch removed.
11:47:56.204 [Worker-73: Launching SearchAndFilterTest] INFO  c.b.BrowserStackPluginActivator - Existing javaagentArgline (BROWSERSTACK_JAVAAGENT_ARGLINE) in plugin prefs is 
11:47:56.209 [Worker-73: Launching SearchAndFilterTest] INFO  c.b.BrowserStackPluginActivator - Prefs Keys []
11:47:56.210 [Worker-73: Launching SearchAndFilterTest] INFO  c.b.BrowserStackPluginActivator - The environment variables for the launch configuration are {BROWSERSTACK_EXEC_SOURCE=eclipse/1.0.8}
11:51:27.421 [main] INFO  c.b.a.BrowserStackPropertyTester - Testing : isBrowserStackEnabled
11:51:27.422 [main] INFO  c.b.BrowserStackPluginActivator - Prefs Keys []
11:51:27.424 [main] INFO  c.b.a.BrowserStackPropertyTester - Validation Result isBrowserStackEnabled : true P/FlipkartAutomation
11:51:27.426 [main] INFO  c.b.a.BrowserStackPropertyTester - Testing : isBrowserStackDisabled
11:51:27.426 [main] INFO  c.b.BrowserStackPluginActivator - Prefs Keys []
11:51:27.429 [main] INFO  c.b.a.BrowserStackPropertyTester - Validation Result isBrowserStackDisabled : false P/FlipkartAutomation
14:16:26.924 [main] INFO  c.b.a.BrowserStackPropertyTester - Testing : isBrowserStackEnabled
14:16:26.925 [main] INFO  c.b.BrowserStackPluginActivator - Prefs Keys []
14:16:26.928 [main] INFO  c.b.a.BrowserStackPropertyTester - Validation Result isBrowserStackEnabled : true P/Actions
14:16:26.930 [main] INFO  c.b.a.BrowserStackPropertyTester - Testing : isBrowserStackEnabled
14:16:26.930 [main] INFO  c.b.BrowserStackPluginActivator - Prefs Keys []
14:16:26.933 [main] INFO  c.b.a.BrowserStackPropertyTester - Validation Result isBrowserStackEnabled : true P/Actions
14:16:26.934 [main] INFO  c.b.a.BrowserStackPropertyTester - Testing : isBrowserStackDisabled
14:16:26.935 [main] INFO  c.b.BrowserStackPluginActivator - Prefs Keys []
14:16:26.937 [main] INFO  c.b.a.BrowserStackPropertyTester - Validation Result isBrowserStackDisabled : false P/Actions
14:16:33.316 [main] INFO  c.b.a.BrowserStackPropertyTester - Testing : isBrowserStackEnabled
14:16:33.317 [main] INFO  c.b.BrowserStackPluginActivator - Prefs Keys []
14:16:33.320 [main] INFO  c.b.a.BrowserStackPropertyTester - Validation Result isBrowserStackEnabled : true P/Actions
14:16:33.321 [main] INFO  c.b.a.BrowserStackPropertyTester - Testing : isBrowserStackDisabled
14:16:33.321 [main] INFO  c.b.BrowserStackPluginActivator - Prefs Keys []
14:16:33.324 [main] INFO  c.b.a.BrowserStackPropertyTester - Validation Result isBrowserStackDisabled : false P/Actions
14:16:57.373 [main] INFO  c.b.a.BrowserStackPropertyTester - Testing : isBrowserStackEnabled
14:16:57.374 [main] INFO  c.b.BrowserStackPluginActivator - Prefs Keys []
14:16:57.377 [main] INFO  c.b.a.BrowserStackPropertyTester - Validation Result isBrowserStackEnabled : true P/Actions
14:16:57.378 [main] INFO  c.b.a.BrowserStackPropertyTester - Testing : isBrowserStackDisabled
14:16:57.378 [main] INFO  c.b.BrowserStackPluginActivator - Prefs Keys []
14:16:57.380 [main] INFO  c.b.a.BrowserStackPropertyTester - Validation Result isBrowserStackDisabled : false P/Actions
14:24:43.217 [Worker-79: Launching MouseMovement] INFO  c.b.BrowserStackPluginActivator - The previous launch removed.
14:24:43.219 [Worker-79: Launching MouseMovement] INFO  c.b.BrowserStackPluginActivator - The environment variables for the launch configuration are {}
14:25:07.571 [Worker-84: Launching MouseMovement] INFO  c.b.BrowserStackPluginActivator - The previous launch removed.
14:25:07.574 [Worker-84: Launching MouseMovement] INFO  c.b.BrowserStackPluginActivator - The environment variables for the launch configuration are {}
14:27:02.211 [main] INFO  c.b.BrowserStackPluginActivator - The previous launch removed.
14:27:08.132 [Worker-81: Launching MouseMovement] INFO  c.b.BrowserStackPluginActivator - The environment variables for the launch configuration are {}
14:30:28.866 [main] INFO  c.b.BrowserStackPluginActivator - The previous launch removed.
14:30:32.774 [Worker-79: Launching MouseMovement] INFO  c.b.BrowserStackPluginActivator - The environment variables for the launch configuration are {}
14:32:48.303 [main] INFO  c.b.BrowserStackPluginActivator - The previous launch removed.
14:32:52.606 [Worker-84: Launching MouseMovement] INFO  c.b.BrowserStackPluginActivator - The environment variables for the launch configuration are {}
15:08:36.105 [main] INFO  c.b.BrowserStackPluginActivator - The previous launch removed.
15:09:08.992 [Worker-89: Launching MouseMovement] INFO  c.b.BrowserStackPluginActivator - The environment variables for the launch configuration are {}
15:09:13.699 [Worker-89: Launching MouseMovement] INFO  c.b.BrowserStackPluginActivator - The previous launch removed.
15:09:18.378 [Worker-84: Launching MouseMovement] INFO  c.b.BrowserStackPluginActivator - The environment variables for the launch configuration are {}
15:18:03.772 [Worker-93: Launching MouseMovement] INFO  c.b.BrowserStackPluginActivator - The previous launch removed.
15:18:03.774 [Worker-93: Launching MouseMovement] INFO  c.b.BrowserStackPluginActivator - The environment variables for the launch configuration are {}
15:18:47.719 [main] INFO  c.b.BrowserStackPluginActivator - The previous launch removed.
15:18:51.933 [Worker-92: Launching MouseMovement] INFO  c.b.BrowserStackPluginActivator - The environment variables for the launch configuration are {}
15:21:16.745 [main] INFO  c.b.BrowserStackPluginActivator - The previous launch removed.
15:21:20.317 [Worker-81: Launching MouseMovement] INFO  c.b.BrowserStackPluginActivator - The environment variables for the launch configuration are {}
15:22:05.257 [main] INFO  c.b.BrowserStackPluginActivator - The previous launch removed.
15:22:09.458 [Worker-93: Launching MouseMovement] INFO  c.b.BrowserStackPluginActivator - The environment variables for the launch configuration are {}
15:45:15.988 [main] INFO  c.b.a.BrowserStackPropertyTester - Testing : isBrowserStackEnabled
15:45:15.989 [main] INFO  c.b.BrowserStackPluginActivator - Prefs Keys []
15:45:15.992 [main] INFO  c.b.a.BrowserStackPropertyTester - Validation Result isBrowserStackEnabled : true P/Actions
15:45:15.994 [main] INFO  c.b.a.BrowserStackPropertyTester - Testing : isBrowserStackDisabled
15:45:15.994 [main] INFO  c.b.BrowserStackPluginActivator - Prefs Keys []
15:45:15.997 [main] INFO  c.b.a.BrowserStackPropertyTester - Validation Result isBrowserStackDisabled : false P/Actions
15:55:59.751 [Worker-84: Launching DragAndDrop] INFO  c.b.BrowserStackPluginActivator - The previous launch removed.
15:55:59.753 [Worker-84: Launching DragAndDrop] INFO  c.b.BrowserStackPluginActivator - The environment variables for the launch configuration are {}
15:56:43.672 [Worker-92: Launching DragAndDrop] INFO  c.b.BrowserStackPluginActivator - The previous launch removed.
15:56:43.674 [Worker-92: Launching DragAndDrop] INFO  c.b.BrowserStackPluginActivator - The environment variables for the launch configuration are {}
15:56:58.307 [Worker-92: Launching DragAndDrop] INFO  c.b.BrowserStackPluginActivator - The previous launch removed.
15:56:58.309 [Worker-92: Launching DragAndDrop] INFO  c.b.BrowserStackPluginActivator - The environment variables for the launch configuration are {}
17:15:20.947 [Worker-92: Launching DragAndDrop] INFO  c.b.BrowserStackPluginActivator - The previous launch removed.
17:15:20.949 [Worker-92: Launching DragAndDrop] INFO  c.b.BrowserStackPluginActivator - The environment variables for the launch configuration are {}
17:17:01.342 [main] INFO  c.b.BrowserStackPluginActivator - The previous launch removed.
17:17:09.344 [Worker-84: Launching DragAndDrop] INFO  c.b.BrowserStackPluginActivator - The environment variables for the launch configuration are {}
17:30:53.667 [Worker-91: Launching DragAndDrop] INFO  c.b.BrowserStackPluginActivator - The previous launch removed.
17:30:53.668 [Worker-91: Launching DragAndDrop] INFO  c.b.BrowserStackPluginActivator - The environment variables for the launch configuration are {}
17:34:09.008 [main] INFO  c.b.BrowserStackPluginActivator - The previous launch removed.
17:34:15.201 [Worker-98: Launching DragAndDrop] INFO  c.b.BrowserStackPluginActivator - The environment variables for the launch configuration are {}
17:37:38.282 [main] INFO  c.b.BrowserStackPluginActivator - The previous launch removed.
17:37:44.546 [Worker-99: Launching DragAndDrop] INFO  c.b.BrowserStackPluginActivator - The environment variables for the launch configuration are {}
17:38:13.574 [main] INFO  c.b.BrowserStackPluginActivator - The previous launch removed.
17:38:17.119 [Worker-94: Launching DragAndDrop] INFO  c.b.BrowserStackPluginActivator - The environment variables for the launch configuration are {}
17:38:34.561 [main] INFO  c.b.BrowserStackPluginActivator - The previous launch removed.
17:38:45.717 [Worker-92: Launching DragAndDrop] INFO  c.b.BrowserStackPluginActivator - The environment variables for the launch configuration are {}
17:39:10.189 [main] INFO  c.b.BrowserStackPluginActivator - The previous launch removed.
17:39:13.484 [Worker-101: Launching DragAndDrop] INFO  c.b.BrowserStackPluginActivator - The environment variables for the launch configuration are {}
17:39:43.871 [main] INFO  c.b.BrowserStackPluginActivator - The previous launch removed.
17:39:46.796 [Worker-99: Launching DragAndDrop] INFO  c.b.BrowserStackPluginActivator - The environment variables for the launch configuration are {}
17:40:27.032 [Worker-103: Launching DragAndDrop] INFO  c.b.BrowserStackPluginActivator - The previous launch removed.
17:40:27.033 [Worker-103: Launching DragAndDrop] INFO  c.b.BrowserStackPluginActivator - The environment variables for the launch configuration are {}
17:40:56.814 [main] INFO  c.b.BrowserStackPluginActivator - The previous launch removed.
17:41:06.368 [Worker-94: Launching DragAndDrop] INFO  c.b.BrowserStackPluginActivator - The environment variables for the launch configuration are {}
17:41:35.603 [main] INFO  c.b.BrowserStackPluginActivator - The previous launch removed.
17:41:39.022 [Worker-99: Launching DragAndDrop] INFO  c.b.BrowserStackPluginActivator - The environment variables for the launch configuration are {}
19:44:40.715 [main] INFO  c.b.BrowserStackPluginActivator - The previous launch removed.
19:44:48.227 [Worker-102: Launching DragAndDrop] INFO  c.b.BrowserStackPluginActivator - The environment variables for the launch configuration are {}
19:56:25.759 [Worker-102: Launching DragAndDrop] INFO  c.b.BrowserStackPluginActivator - The previous launch removed.
19:56:25.760 [Worker-102: Launching DragAndDrop] INFO  c.b.BrowserStackPluginActivator - The environment variables for the launch configuration are {}
19:58:06.580 [Worker-107: Launching DragAndDrop] INFO  c.b.BrowserStackPluginActivator - The previous launch removed.
19:58:06.582 [Worker-107: Launching DragAndDrop] INFO  c.b.BrowserStackPluginActivator - The environment variables for the launch configuration are {}
20:06:14.272 [Worker-109: Launching SearchAndFilterTest] INFO  c.b.BrowserStackPluginActivator - The previous launch removed.
20:06:14.274 [Worker-109: Launching SearchAndFilterTest] INFO  c.b.BrowserStackPluginActivator - Existing javaagentArgline (BROWSERSTACK_JAVAAGENT_ARGLINE) in plugin prefs is 
20:06:14.278 [Worker-109: Launching SearchAndFilterTest] INFO  c.b.BrowserStackPluginActivator - Prefs Keys []
20:06:14.279 [Worker-109: Launching SearchAndFilterTest] INFO  c.b.BrowserStackPluginActivator - The environment variables for the launch configuration are {BROWSERSTACK_EXEC_SOURCE=eclipse/1.0.8}
20:08:22.371 [Worker-102: Launching SearchAndFilterTest] INFO  c.b.BrowserStackPluginActivator - The previous launch removed.
20:08:22.373 [Worker-102: Launching SearchAndFilterTest] INFO  c.b.BrowserStackPluginActivator - Existing javaagentArgline (BROWSERSTACK_JAVAAGENT_ARGLINE) in plugin prefs is 
20:08:22.377 [Worker-102: Launching SearchAndFilterTest] INFO  c.b.BrowserStackPluginActivator - Prefs Keys []
20:08:22.378 [Worker-102: Launching SearchAndFilterTest] INFO  c.b.BrowserStackPluginActivator - The environment variables for the launch configuration are {BROWSERSTACK_EXEC_SOURCE=eclipse/1.0.8}
20:09:09.320 [main] INFO  c.b.BrowserStackPluginActivator - The previous launch removed.
20:25:08.389 [Worker-102: Launching SearchAndFilterTest] INFO  c.b.BrowserStackPluginActivator - Existing javaagentArgline (BROWSERSTACK_JAVAAGENT_ARGLINE) in plugin prefs is 
20:25:08.393 [Worker-102: Launching SearchAndFilterTest] INFO  c.b.BrowserStackPluginActivator - Prefs Keys []
20:25:08.394 [Worker-102: Launching SearchAndFilterTest] INFO  c.b.BrowserStackPluginActivator - The environment variables for the launch configuration are {BROWSERSTACK_EXEC_SOURCE=eclipse/1.0.8}
21:00:03.347 [main] INFO  c.b.a.BrowserStackPropertyTester - Testing : isBrowserStackEnabled
21:00:03.348 [main] INFO  c.b.BrowserStackPluginActivator - Prefs Keys []
21:00:03.350 [main] INFO  c.b.a.BrowserStackPropertyTester - Validation Result isBrowserStackEnabled : true P/FlipkartAutomation
21:00:03.352 [main] INFO  c.b.a.BrowserStackPropertyTester - Testing : isBrowserStackDisabled
21:00:03.352 [main] INFO  c.b.BrowserStackPluginActivator - Prefs Keys []
21:00:03.355 [main] INFO  c.b.a.BrowserStackPropertyTester - Validation Result isBrowserStackDisabled : false P/FlipkartAutomation
21:49:42.200 [Worker-117: Launching SearchAndFilterTest] INFO  c.b.BrowserStackPluginActivator - The previous launch removed.
21:49:42.206 [Worker-117: Launching SearchAndFilterTest] INFO  c.b.BrowserStackPluginActivator - Existing javaagentArgline (BROWSERSTACK_JAVAAGENT_ARGLINE) in plugin prefs is 
21:49:42.211 [Worker-117: Launching SearchAndFilterTest] INFO  c.b.BrowserStackPluginActivator - Prefs Keys []
21:49:42.213 [Worker-117: Launching SearchAndFilterTest] INFO  c.b.BrowserStackPluginActivator - The environment variables for the launch configuration are {BROWSERSTACK_EXEC_SOURCE=eclipse/1.0.8}
21:50:04.947 [main] INFO  c.b.BrowserStackPluginActivator - The previous launch removed.
21:51:42.286 [main] INFO  c.b.a.BrowserStackPropertyTester - Testing : isBrowserStackEnabled
21:51:42.287 [main] INFO  c.b.BrowserStackPluginActivator - Prefs Keys []
21:51:42.290 [main] INFO  c.b.a.BrowserStackPropertyTester - Validation Result isBrowserStackEnabled : true P/FlipkartAutomation
21:51:42.292 [main] INFO  c.b.a.BrowserStackPropertyTester - Testing : isBrowserStackDisabled
21:51:42.292 [main] INFO  c.b.BrowserStackPluginActivator - Prefs Keys []
21:51:42.296 [main] INFO  c.b.a.BrowserStackPropertyTester - Validation Result isBrowserStackDisabled : false P/FlipkartAutomation
21:52:42.599 [Worker-118: Launching SearchAndFilterTest] INFO  c.b.BrowserStackPluginActivator - Existing javaagentArgline (BROWSERSTACK_JAVAAGENT_ARGLINE) in plugin prefs is 
21:52:42.604 [Worker-118: Launching SearchAndFilterTest] INFO  c.b.BrowserStackPluginActivator - Prefs Keys []
21:52:42.605 [Worker-118: Launching SearchAndFilterTest] INFO  c.b.BrowserStackPluginActivator - The environment variables for the launch configuration are {BROWSERSTACK_EXEC_SOURCE=eclipse/1.0.8}
21:59:41.723 [main] INFO  c.b.BrowserStackPluginActivator - The previous launch removed.
21:59:45.883 [Worker-120: Launching SearchAndFilterTest] INFO  c.b.BrowserStackPluginActivator - Existing javaagentArgline (BROWSERSTACK_JAVAAGENT_ARGLINE) in plugin prefs is 
21:59:45.887 [Worker-120: Launching SearchAndFilterTest] INFO  c.b.BrowserStackPluginActivator - Prefs Keys []
21:59:45.888 [Worker-120: Launching SearchAndFilterTest] INFO  c.b.BrowserStackPluginActivator - The environment variables for the launch configuration are {BROWSERSTACK_EXEC_SOURCE=eclipse/1.0.8}
22:06:23.905 [main] INFO  c.b.a.BrowserStackPropertyTester - Testing : isBrowserStackEnabled
22:06:23.905 [main] INFO  c.b.BrowserStackPluginActivator - Prefs Keys []
22:06:23.908 [main] INFO  c.b.a.BrowserStackPropertyTester - Validation Result isBrowserStackEnabled : true P/FlipkartAutomation
22:06:23.909 [main] INFO  c.b.a.BrowserStackPropertyTester - Testing : isBrowserStackDisabled
22:06:23.909 [main] INFO  c.b.BrowserStackPluginActivator - Prefs Keys []
22:06:23.912 [main] INFO  c.b.a.BrowserStackPropertyTester - Validation Result isBrowserStackDisabled : false P/FlipkartAutomation
22:07:11.198 [main] INFO  c.b.a.BrowserStackPropertyTester - Testing : isBrowserStackEnabled
22:07:11.198 [main] INFO  c.b.BrowserStackPluginActivator - Prefs Keys []
22:07:11.201 [main] INFO  c.b.a.BrowserStackPropertyTester - Validation Result isBrowserStackEnabled : true P/FlipkartAutomation
22:07:11.202 [main] INFO  c.b.a.BrowserStackPropertyTester - Testing : isBrowserStackDisabled
22:07:11.203 [main] INFO  c.b.BrowserStackPluginActivator - Prefs Keys []
22:07:11.206 [main] INFO  c.b.a.BrowserStackPropertyTester - Validation Result isBrowserStackDisabled : false P/FlipkartAutomation
22:11:23.930 [main] INFO  c.b.a.BrowserStackPropertyTester - Testing : isBrowserStackEnabled
22:11:23.931 [main] INFO  c.b.BrowserStackPluginActivator - Prefs Keys []
22:11:23.934 [main] INFO  c.b.a.BrowserStackPropertyTester - Validation Result isBrowserStackEnabled : true P/FlipkartAutomation
22:11:23.935 [main] INFO  c.b.a.BrowserStackPropertyTester - Testing : isBrowserStackDisabled
22:11:23.935 [main] INFO  c.b.BrowserStackPluginActivator - Prefs Keys []
22:11:23.938 [main] INFO  c.b.a.BrowserStackPropertyTester - Validation Result isBrowserStackDisabled : false P/FlipkartAutomation
22:11:46.730 [main] INFO  c.b.a.BrowserStackPropertyTester - Testing : isBrowserStackEnabled
22:11:46.731 [main] INFO  c.b.BrowserStackPluginActivator - Prefs Keys []
22:11:46.734 [main] INFO  c.b.a.BrowserStackPropertyTester - Validation Result isBrowserStackEnabled : true P/FlipkartAutomation
22:11:46.736 [main] INFO  c.b.a.BrowserStackPropertyTester - Testing : isBrowserStackDisabled
22:11:46.736 [main] INFO  c.b.BrowserStackPluginActivator - Prefs Keys []
22:11:46.739 [main] INFO  c.b.a.BrowserStackPropertyTester - Validation Result isBrowserStackDisabled : false P/FlipkartAutomation
22:12:08.766 [main] INFO  c.b.a.BrowserStackPropertyTester - Testing : isBrowserStackEnabled
22:12:08.767 [main] INFO  c.b.BrowserStackPluginActivator - Prefs Keys []
22:12:08.770 [main] INFO  c.b.a.BrowserStackPropertyTester - Validation Result isBrowserStackEnabled : true P/FlipkartAutomation
22:12:08.771 [main] INFO  c.b.a.BrowserStackPropertyTester - Testing : isBrowserStackDisabled
22:12:08.771 [main] INFO  c.b.BrowserStackPluginActivator - Prefs Keys []
22:12:08.774 [main] INFO  c.b.a.BrowserStackPropertyTester - Validation Result isBrowserStackDisabled : false P/FlipkartAutomation
22:13:42.697 [main] INFO  c.b.a.BrowserStackPropertyTester - Testing : isBrowserStackEnabled
22:13:42.699 [main] INFO  c.b.a.BrowserStackPropertyTester - Validation Result isBrowserStackEnabled : false null
22:13:42.705 [main] INFO  c.b.a.BrowserStackPropertyTester - Testing : isBrowserStackDisabled
22:13:42.706 [main] INFO  c.b.a.BrowserStackPropertyTester - Validation Result isBrowserStackDisabled : false null
22:15:59.275 [Worker-127: Launching FlipkartAutomation_src.main.resources.testng.xml] INFO  c.b.BrowserStackPluginActivator - The previous launch removed.
22:15:59.278 [Worker-127: Launching FlipkartAutomation_src.main.resources.testng.xml] INFO  c.b.BrowserStackPluginActivator - Existing javaagentArgline (BROWSERSTACK_JAVAAGENT_ARGLINE) in plugin prefs is 
22:15:59.283 [Worker-127: Launching FlipkartAutomation_src.main.resources.testng.xml] INFO  c.b.BrowserStackPluginActivator - Prefs Keys []
22:15:59.285 [Worker-127: Launching FlipkartAutomation_src.main.resources.testng.xml] INFO  c.b.BrowserStackPluginActivator - The environment variables for the launch configuration are {BROWSERSTACK_EXEC_SOURCE=eclipse/1.0.8}
22:47:37.425 [Worker-129: Launching StepstoAutomate] INFO  c.b.BrowserStackPluginActivator - The previous launch removed.
22:47:37.427 [Worker-129: Launching StepstoAutomate] INFO  c.b.BrowserStackPluginActivator - Existing javaagentArgline (BROWSERSTACK_JAVAAGENT_ARGLINE) in plugin prefs is 
22:47:37.431 [Worker-129: Launching StepstoAutomate] INFO  c.b.BrowserStackPluginActivator - Prefs Keys []
22:47:37.433 [Worker-129: Launching StepstoAutomate] INFO  c.b.BrowserStackPluginActivator - The environment variables for the launch configuration are {}
22:52:18.531 [main] INFO  c.b.BrowserStackPluginActivator - The previous launch removed.
22:52:24.528 [Worker-130: Launching StepstoAutomate] INFO  c.b.BrowserStackPluginActivator - Existing javaagentArgline (BROWSERSTACK_JAVAAGENT_ARGLINE) in plugin prefs is 
22:52:24.531 [Worker-130: Launching StepstoAutomate] INFO  c.b.BrowserStackPluginActivator - Prefs Keys []
22:52:24.532 [Worker-130: Launching StepstoAutomate] INFO  c.b.BrowserStackPluginActivator - The environment variables for the launch configuration are {}
22:52:56.560 [Worker-132: Launching StepstoAutomate] INFO  c.b.BrowserStackPluginActivator - The previous launch removed.
22:52:56.561 [Worker-132: Launching StepstoAutomate] INFO  c.b.BrowserStackPluginActivator - Existing javaagentArgline (BROWSERSTACK_JAVAAGENT_ARGLINE) in plugin prefs is 
22:52:56.566 [Worker-132: Launching StepstoAutomate] INFO  c.b.BrowserStackPluginActivator - Prefs Keys []
22:52:56.567 [Worker-132: Launching StepstoAutomate] INFO  c.b.BrowserStackPluginActivator - The environment variables for the launch configuration are {}
22:53:16.155 [Worker-131: Launching StepstoAutomate] INFO  c.b.BrowserStackPluginActivator - The previous launch removed.
22:53:16.158 [Worker-131: Launching StepstoAutomate] INFO  c.b.BrowserStackPluginActivator - Existing javaagentArgline (BROWSERSTACK_JAVAAGENT_ARGLINE) in plugin prefs is 
22:53:16.162 [Worker-131: Launching StepstoAutomate] INFO  c.b.BrowserStackPluginActivator - Prefs Keys []
22:53:16.163 [Worker-131: Launching StepstoAutomate] INFO  c.b.BrowserStackPluginActivator - The environment variables for the launch configuration are {}
22:58:08.851 [main] INFO  c.b.a.BrowserStackPropertyTester - Testing : isBrowserStackEnabled
22:58:08.852 [main] INFO  c.b.BrowserStackPluginActivator - Prefs Keys []
22:58:08.855 [main] INFO  c.b.a.BrowserStackPropertyTester - Validation Result isBrowserStackEnabled : true P/AutomationFlow
22:58:08.856 [main] INFO  c.b.a.BrowserStackPropertyTester - Testing : isBrowserStackDisabled
22:58:08.856 [main] INFO  c.b.BrowserStackPluginActivator - Prefs Keys []
22:58:08.859 [main] INFO  c.b.a.BrowserStackPropertyTester - Validation Result isBrowserStackDisabled : false P/AutomationFlow
22:58:50.796 [main] INFO  c.b.a.BrowserStackPropertyTester - Testing : isBrowserStackEnabled
22:58:50.797 [main] INFO  c.b.BrowserStackPluginActivator - Prefs Keys []
22:58:50.800 [main] INFO  c.b.a.BrowserStackPropertyTester - Validation Result isBrowserStackEnabled : true P/AutomationFlow
22:58:50.801 [main] INFO  c.b.a.BrowserStackPropertyTester - Testing : isBrowserStackDisabled
22:58:50.802 [main] INFO  c.b.BrowserStackPluginActivator - Prefs Keys []
22:58:50.804 [main] INFO  c.b.a.BrowserStackPropertyTester - Validation Result isBrowserStackDisabled : false P/AutomationFlow
23:01:44.401 [Worker-133: Launching StepstoAutomate] INFO  c.b.BrowserStackPluginActivator - The previous launch removed.
23:01:44.403 [Worker-133: Launching StepstoAutomate] INFO  c.b.BrowserStackPluginActivator - Existing javaagentArgline (BROWSERSTACK_JAVAAGENT_ARGLINE) in plugin prefs is 
23:01:44.406 [Worker-133: Launching StepstoAutomate] INFO  c.b.BrowserStackPluginActivator - Prefs Keys []
23:01:44.407 [Worker-133: Launching StepstoAutomate] INFO  c.b.BrowserStackPluginActivator - The environment variables for the launch configuration are {}
00:05:51.084 [main] INFO  c.b.a.BrowserStackPropertyTester - Testing : isBrowserStackEnabled
00:05:51.085 [main] INFO  c.b.BrowserStackPluginActivator - Prefs Keys []
00:05:51.087 [main] INFO  c.b.a.BrowserStackPropertyTester - Validation Result isBrowserStackEnabled : true P/AutomationFlow
00:05:51.089 [main] INFO  c.b.a.BrowserStackPropertyTester - Testing : isBrowserStackDisabled
00:05:51.089 [main] INFO  c.b.BrowserStackPluginActivator - Prefs Keys []
00:05:51.092 [main] INFO  c.b.a.BrowserStackPropertyTester - Validation Result isBrowserStackDisabled : false P/AutomationFlow
00:06:57.520 [Worker-131: Launching StepstoAutomate] INFO  c.b.BrowserStackPluginActivator - The previous launch removed.
00:06:57.521 [Worker-131: Launching StepstoAutomate] INFO  c.b.BrowserStackPluginActivator - Existing javaagentArgline (BROWSERSTACK_JAVAAGENT_ARGLINE) in plugin prefs is 
00:06:57.524 [Worker-131: Launching StepstoAutomate] INFO  c.b.BrowserStackPluginActivator - Prefs Keys []
00:06:57.526 [Worker-131: Launching StepstoAutomate] INFO  c.b.BrowserStackPluginActivator - The environment variables for the launch configuration are {}
00:15:42.264 [Worker-137: Launching StepstoAutomate] INFO  c.b.BrowserStackPluginActivator - The previous launch removed.
00:15:42.267 [Worker-137: Launching StepstoAutomate] INFO  c.b.BrowserStackPluginActivator - Existing javaagentArgline (BROWSERSTACK_JAVAAGENT_ARGLINE) in plugin prefs is 
00:15:42.270 [Worker-137: Launching StepstoAutomate] INFO  c.b.BrowserStackPluginActivator - Prefs Keys []
00:15:42.271 [Worker-137: Launching StepstoAutomate] INFO  c.b.BrowserStackPluginActivator - The environment variables for the launch configuration are {}
00:22:31.812 [Framework stop - Equinox Container: 088893f4-0dd7-4824-b7d7-29a4b164a4c0] INFO  c.b.BrowserStackPluginActivator - Stopping BrowserStack Plugin...
